Thu Mar 01 2018 10:37:52 GMT-0500 (Eastern Standard Time): GET /about
Thu Mar 01 2018 10:42:03 GMT-0500 (Eastern Standard Time): GET /
Thu Mar 01 2018 10:44:41 GMT-0500 (Eastern Standard Time): GET /
Thu Mar 01 2018 10:44:45 GMT-0500 (Eastern Standard Time): GET /
Tue Mar 06 2018 16:58:07 GMT-0500 (Eastern Standard Time): GET /
Tue Mar 06 2018 16:58:08 GMT-0500 (Eastern Standard Time): GET /favicon.ico
Mon Mar 12 2018 14:20:27 GMT-0400 (Eastern Daylight Time): GET /
Mon Mar 12 2018 14:20:29 GMT-0400 (Eastern Daylight Time): GET /favicon.ico
Mon Mar 12 2018 14:20:40 GMT-0400 (Eastern Daylight Time): GET /about
Mon Mar 12 2018 14:20:41 GMT-0400 (Eastern Daylight Time): GET /favicon.ico
Mon Mar 12 2018 14:24:35 GMT-0400 (Eastern Daylight Time): GET /
Mon Mar 12 2018 14:24:35 GMT-0400 (Eastern Daylight Time): GET /favicon.ico
Mon Mar 12 2018 14:24:43 GMT-0400 (Eastern Daylight Time): GET /
Mon Mar 12 2018 14:24:44 GMT-0400 (Eastern Daylight Time): GET /favicon.ico
Mon Mar 12 2018 14:24:55 GMT-0400 (Eastern Daylight Time): GET /
Mon Mar 12 2018 14:24:55 GMT-0400 (Eastern Daylight Time): GET /favicon.ico
Mon Mar 12 2018 14:28:44 GMT-0400 (Eastern Daylight Time): GET /
Mon Mar 12 2018 14:28:45 GMT-0400 (Eastern Daylight Time): GET /favicon.ico
Mon Mar 12 2018 14:28:46 GMT-0400 (Eastern Daylight Time): GET /projects
Mon Mar 12 2018 14:28:49 GMT-0400 (Eastern Daylight Time): GET /about
Mon Mar 12 2018 14:28:50 GMT-0400 (Eastern Daylight Time): GET /
Mon Mar 12 2018 15:04:17 GMT-0400 (Eastern Daylight Time): GET /
Mon Mar 12 2018 15:04:18 GMT-0400 (Eastern Daylight Time): GET /
